
> moon-landing-defense@0.1.0 dev
> next dev

  ▲ Next.js 14.2.0
  - Local:        http://localhost:3000

 ✓ Starting...
 ✓ Ready in 1280ms
 ○ Compiling /_not-found ...
Browserslist: browsers data (caniuse-lite) is 9 months old. Please run:
  npx update-browserslist-db@latest
  Why you should do it regularly: https://github.com/browserslist/update-db#readme
 ✓ Compiled /_not-found in 1647ms (506 modules)
 ⚠ Fast Refresh had to perform a full reload due to a runtime error.
 GET /_next/static/webpack/f099c3896243d45d.webpack.hot-update.json 404 in 1836ms
 ✓ Compiled / in 372ms (548 modules)
 GET / 200 in 333ms
 ⚠ Fast Refresh had to perform a full reload due to a runtime error.
 GET / 200 in 46ms
 GET /_next/static/webpack/f099c3896243d45d.webpack.hot-update.json 404 in 308ms
 GET / 200 in 16ms
 ✓ Compiled /evidence in 179ms (557 modules)
 GET / 200 in 109ms
 ✓ Compiled /evidence/[slug] in 253ms (571 modules)
 ✓ Compiled /evidence/countries-confirmed-60s-moon-landings in 116ms (578 modules)
 GET /evidence/countries-confirmed-60s-moon-landings 200 in 200ms
 ⚠ Found a change in next.config.js. Restarting the server to apply the changes...
  ▲ Next.js 14.2.0
  - Local:        http://localhost:3000

 ✓ Starting...
 ✓ Ready in 1223ms
[?25h
